[2024-04-29 19:00:15] local.ERROR: The "--refresh" option does not exist. {"exception":"[object] (Symfony\\Component\\Console\\Exception\\RuntimeException(code: 0): The \"--refresh\" option does not exist. at /Users/duycuong/Documents/Projects/duycuong/php/novel_cms/vendor/symfony/console/Input/ArgvInput.php:223)
[stacktrace]
#0 /Users/duycuong/Documents/Projects/duycuong/php/novel_cms/vendor/symfony/console/Input/ArgvInput.php(152): Symfony\\Component\\Console\\Input\\ArgvInput->addLongOption('refresh', NULL)
#1 /Users/duycuong/Documents/Projects/duycuong/php/novel_cms/vendor/symfony/console/Input/ArgvInput.php(85): Symfony\\Component\\Console\\Input\\ArgvInput->parseLongOption('--refresh')
#2 /Users/duycuong/Documents/Projects/duycuong/php/novel_cms/vendor/symfony/console/Input/ArgvInput.php(74): Symfony\\Component\\Console\\Input\\ArgvInput->parseToken('--refresh', true)
#3 /Users/duycuong/Documents/Projects/duycuong/php/novel_cms/vendor/symfony/console/Input/Input.php(55): Symfony\\Component\\Console\\Input\\ArgvInput->parse()
#4 /Users/duycuong/Documents/Projects/duycuong/php/novel_cms/vendor/symfony/console/Command/Command.php(285): Symfony\\Component\\Console\\Input\\Input->bind(Object(Symfony\\Component\\Console\\Input\\InputDefinition))
#5 /Users/duycuong/Documents/Projects/duycuong/php/novel_cms/vendor/laravel/framework/src/Illuminate/Console/Command.php(178): Symfony\\Component\\Console\\Command\\Command->run(Object(Symfony\\Component\\Console\\Input\\ArgvInput), Object(Illuminate\\Console\\OutputStyle))
#6 /Users/duycuong/Documents/Projects/duycuong/php/novel_cms/vendor/symfony/console/Application.php(1081): Illuminate\\Console\\Command->run(Object(Symfony\\Component\\Console\\Input\\ArgvInput), Object(Symfony\\Component\\Console\\Output\\ConsoleOutput))
#7 /Users/duycuong/Documents/Projects/duycuong/php/novel_cms/vendor/symfony/console/Application.php(320): Symfony\\Component\\Console\\Application->doRunCommand(Object(Illuminate\\Database\\Console\\Seeds\\SeedCommand), Object(Symfony\\Component\\Console\\Input\\ArgvInput), Object(Symfony\\Component\\Console\\Output\\ConsoleOutput))
#8 /Users/duycuong/Documents/Projects/duycuong/php/novel_cms/vendor/symfony/console/Application.php(174): Symfony\\Component\\Console\\Application->doRun(Object(Symfony\\Component\\Console\\Input\\ArgvInput), Object(Symfony\\Component\\Console\\Output\\ConsoleOutput))
#9 /Users/duycuong/Documents/Projects/duycuong/php/novel_cms/vendor/laravel/framework/src/Illuminate/Foundation/Console/Kernel.php(200): Symfony\\Component\\Console\\Application->run(Object(Symfony\\Component\\Console\\Input\\ArgvInput), Object(Symfony\\Component\\Console\\Output\\ConsoleOutput))
#10 /Users/duycuong/Documents/Projects/duycuong/php/novel_cms/artisan(37): Illuminate\\Foundation\\Console\\Kernel->handle(Object(Symfony\\Component\\Console\\Input\\ArgvInput), Object(Symfony\\Component\\Console\\Output\\ConsoleOutput))
#11 {main}
"} 
[2024-04-29 19:00:21] local.ERROR: SQLSTATE[42S22]: Column not found: 1054 Unknown column 'sort' in 'field list' (Connection: mysql, SQL: insert into `categories` (`created_at`, `sort`, `status`, `title`, `type`, `updated_at`, `user_id`, `uuid`) values (2024/04/29 19:00:21, 0, 1, Genre, product, 2024/04/29 19:00:21, 1, f206b3c4-d384-425f-a4a1-6a22ab827966)) {"exception":"[object] (Illuminate\\Database\\QueryException(code: 42S22): SQLSTATE[42S22]: Column not found: 1054 Unknown column 'sort' in 'field list' (Connection: mysql, SQL: insert into `categories` (`created_at`, `sort`, `status`, `title`, `type`, `updated_at`, `user_id`, `uuid`) values (2024/04/29 19:00:21, 0, 1, Genre, product, 2024/04/29 19:00:21, 1, f206b3c4-d384-425f-a4a1-6a22ab827966)) at /Users/duycuong/Documents/Projects/duycuong/php/novel_cms/vendor/laravel/framework/src/Illuminate/Database/Connection.php:795)
[stacktrace]
#0 /Users/duycuong/Documents/Projects/duycuong/php/novel_cms/vendor/laravel/framework/src/Illuminate/Database/Connection.php(755): Illuminate\\Database\\Connection->runQueryCallback('insert into `ca...', Array, Object(Closure))
#1 /Users/duycuong/Documents/Projects/duycuong/php/novel_cms/vendor/laravel/framework/src/Illuminate/Database/Connection.php(581): Illuminate\\Database\\Connection->run('insert into `ca...', Array, Object(Closure))
#2 /Users/duycuong/Documents/Projects/duycuong/php/novel_cms/vendor/laravel/framework/src/Illuminate/Database/Connection.php(533): Illuminate\\Database\\Connection->statement('insert into `ca...', Array)
#3 /Users/duycuong/Documents/Projects/duycuong/php/novel_cms/vendor/laravel/framework/src/Illuminate/Database/Query/Builder.php(3322): Illuminate\\Database\\Connection->insert('insert into `ca...', Array)
#4 /Users/duycuong/Documents/Projects/duycuong/php/novel_cms/database/seeders/CategorySeeder.php(28): Illuminate\\Database\\Query\\Builder->insert(Array)
#5 /Users/duycuong/Documents/Projects/duycuong/php/novel_cms/vendor/laravel/framework/src/Illuminate/Container/BoundMethod.php(36): Database\\Seeders\\CategorySeeder->run()
#6 /Users/duycuong/Documents/Projects/duycuong/php/novel_cms/vendor/laravel/framework/src/Illuminate/Container/Util.php(41): Illuminate\\Container\\BoundMethod::Illuminate\\Container\\{closure}()
#7 /Users/duycuong/Documents/Projects/duycuong/php/novel_cms/vendor/laravel/framework/src/Illuminate/Container/BoundMethod.php(93): Illuminate\\Container\\Util::unwrapIfClosure(Object(Closure))
#8 /Users/duycuong/Documents/Projects/duycuong/php/novel_cms/vendor/laravel/framework/src/Illuminate/Container/BoundMethod.php(37): Illuminate\\Container\\BoundMethod::callBoundMethod(Object(Illuminate\\Foundation\\Application), Array, Object(Closure))
#9 /Users/duycuong/Documents/Projects/duycuong/php/novel_cms/vendor/laravel/framework/src/Illuminate/Container/Container.php(662): Illuminate\\Container\\BoundMethod::call(Object(Illuminate\\Foundation\\Application), Array, Array, NULL)
#10 /Users/duycuong/Documents/Projects/duycuong/php/novel_cms/vendor/laravel/framework/src/Illuminate/Database/Seeder.php(184): Illuminate\\Container\\Container->call(Array, Array)
#11 /Users/duycuong/Documents/Projects/duycuong/php/novel_cms/vendor/laravel/framework/src/Illuminate/Database/Seeder.php(193): Illuminate\\Database\\Seeder->Illuminate\\Database\\{closure}()
#12 /Users/duycuong/Documents/Projects/duycuong/php/novel_cms/vendor/laravel/framework/src/Illuminate/Database/Console/Seeds/SeedCommand.php(70): Illuminate\\Database\\Seeder->__invoke()
#13 /Users/duycuong/Documents/Projects/duycuong/php/novel_cms/vendor/laravel/framework/src/Illuminate/Database/Eloquent/Concerns/GuardsAttributes.php(155): Illuminate\\Database\\Console\\Seeds\\SeedCommand->Illuminate\\Database\\Console\\Seeds\\{closure}()
#14 /Users/duycuong/Documents/Projects/duycuong/php/novel_cms/vendor/laravel/framework/src/Illuminate/Database/Console/Seeds/SeedCommand.php(71): Illuminate\\Database\\Eloquent\\Model::unguarded(Object(Closure))
#15 /Users/duycuong/Documents/Projects/duycuong/php/novel_cms/vendor/laravel/framework/src/Illuminate/Container/BoundMethod.php(36): Illuminate\\Database\\Console\\Seeds\\SeedCommand->handle()
#16 /Users/duycuong/Documents/Projects/duycuong/php/novel_cms/vendor/laravel/framework/src/Illuminate/Container/Util.php(41): Illuminate\\Container\\BoundMethod::Illuminate\\Container\\{closure}()
#17 /Users/duycuong/Documents/Projects/duycuong/php/novel_cms/vendor/laravel/framework/src/Illuminate/Container/BoundMethod.php(93): Illuminate\\Container\\Util::unwrapIfClosure(Object(Closure))
#18 /Users/duycuong/Documents/Projects/duycuong/php/novel_cms/vendor/laravel/framework/src/Illuminate/Container/BoundMethod.php(37): Illuminate\\Container\\BoundMethod::callBoundMethod(Object(Illuminate\\Foundation\\Application), Array, Object(Closure))
#19 /Users/duycuong/Documents/Projects/duycuong/php/novel_cms/vendor/laravel/framework/src/Illuminate/Container/Container.php(662): Illuminate\\Container\\BoundMethod::call(Object(Illuminate\\Foundation\\Application), Array, Array, NULL)
#20 /Users/duycuong/Documents/Projects/duycuong/php/novel_cms/vendor/laravel/framework/src/Illuminate/Console/Command.php(208): Illuminate\\Container\\Container->call(Array)
#21 /Users/duycuong/Documents/Projects/duycuong/php/novel_cms/vendor/symfony/console/Command/Command.php(326): Illuminate\\Console\\Command->execute(Object(Symfony\\Component\\Console\\Input\\ArgvInput), Object(Illuminate\\Console\\OutputStyle))
#22 /Users/duycuong/Documents/Projects/duycuong/php/novel_cms/vendor/laravel/framework/src/Illuminate/Console/Command.php(178): Symfony\\Component\\Console\\Command\\Command->run(Object(Symfony\\Component\\Console\\Input\\ArgvInput), Object(Illuminate\\Console\\OutputStyle))
#23 /Users/duycuong/Documents/Projects/duycuong/php/novel_cms/vendor/symfony/console/Application.php(1081): Illuminate\\Console\\Command->run(Object(Symfony\\Component\\Console\\Input\\ArgvInput), Object(Symfony\\Component\\Console\\Output\\ConsoleOutput))
#24 /Users/duycuong/Documents/Projects/duycuong/php/novel_cms/vendor/symfony/console/Application.php(320): Symfony\\Component\\Console\\Application->doRunCommand(Object(Illuminate\\Database\\Console\\Seeds\\SeedCommand), Object(Symfony\\Component\\Console\\Input\\ArgvInput), Object(Symfony\\Component\\Console\\Output\\ConsoleOutput))
#25 /Users/duycuong/Documents/Projects/duycuong/php/novel_cms/vendor/symfony/console/Application.php(174): Symfony\\Component\\Console\\Application->doRun(Object(Symfony\\Component\\Console\\Input\\ArgvInput), Object(Symfony\\Component\\Console\\Output\\ConsoleOutput))
#26 /Users/duycuong/Documents/Projects/duycuong/php/novel_cms/vendor/laravel/framework/src/Illuminate/Foundation/Console/Kernel.php(200): Symfony\\Component\\Console\\Application->run(Object(Symfony\\Component\\Console\\Input\\ArgvInput), Object(Symfony\\Component\\Console\\Output\\ConsoleOutput))
#27 /Users/duycuong/Documents/Projects/duycuong/php/novel_cms/artisan(37): Illuminate\\Foundation\\Console\\Kernel->handle(Object(Symfony\\Component\\Console\\Input\\ArgvInput), Object(Symfony\\Component\\Console\\Output\\ConsoleOutput))
#28 {main}

[previous exception] [object] (PDOException(code: 42S22): SQLSTATE[42S22]: Column not found: 1054 Unknown column 'sort' in 'field list' at /Users/duycuong/Documents/Projects/duycuong/php/novel_cms/vendor/laravel/framework/src/Illuminate/Database/Connection.php:574)
[stacktrace]
#0 /Users/duycuong/Documents/Projects/duycuong/php/novel_cms/vendor/laravel/framework/src/Illuminate/Database/Connection.php(574): PDO->prepare('insert into `ca...')
#1 /Users/duycuong/Documents/Projects/duycuong/php/novel_cms/vendor/laravel/framework/src/Illuminate/Database/Connection.php(788): Illuminate\\Database\\Connection->Illuminate\\Database\\{closure}('insert into `ca...', Array)
#2 /Users/duycuong/Documents/Projects/duycuong/php/novel_cms/vendor/laravel/framework/src/Illuminate/Database/Connection.php(755): Illuminate\\Database\\Connection->runQueryCallback('insert into `ca...', Array, Object(Closure))
#3 /Users/duycuong/Documents/Projects/duycuong/php/novel_cms/vendor/laravel/framework/src/Illuminate/Database/Connection.php(581): Illuminate\\Database\\Connection->run('insert into `ca...', Array, Object(Closure))
#4 /Users/duycuong/Documents/Projects/duycuong/php/novel_cms/vendor/laravel/framework/src/Illuminate/Database/Connection.php(533): Illuminate\\Database\\Connection->statement('insert into `ca...', Array)
#5 /Users/duycuong/Documents/Projects/duycuong/php/novel_cms/vendor/laravel/framework/src/Illuminate/Database/Query/Builder.php(3322): Illuminate\\Database\\Connection->insert('insert into `ca...', Array)
#6 /Users/duycuong/Documents/Projects/duycuong/php/novel_cms/database/seeders/CategorySeeder.php(28): Illuminate\\Database\\Query\\Builder->insert(Array)
#7 /Users/duycuong/Documents/Projects/duycuong/php/novel_cms/vendor/laravel/framework/src/Illuminate/Container/BoundMethod.php(36): Database\\Seeders\\CategorySeeder->run()
#8 /Users/duycuong/Documents/Projects/duycuong/php/novel_cms/vendor/laravel/framework/src/Illuminate/Container/Util.php(41): Illuminate\\Container\\BoundMethod::Illuminate\\Container\\{closure}()
#9 /Users/duycuong/Documents/Projects/duycuong/php/novel_cms/vendor/laravel/framework/src/Illuminate/Container/BoundMethod.php(93): Illuminate\\Container\\Util::unwrapIfClosure(Object(Closure))
#10 /Users/duycuong/Documents/Projects/duycuong/php/novel_cms/vendor/laravel/framework/src/Illuminate/Container/BoundMethod.php(37): Illuminate\\Container\\BoundMethod::callBoundMethod(Object(Illuminate\\Foundation\\Application), Array, Object(Closure))
#11 /Users/duycuong/Documents/Projects/duycuong/php/novel_cms/vendor/laravel/framework/src/Illuminate/Container/Container.php(662): Illuminate\\Container\\BoundMethod::call(Object(Illuminate\\Foundation\\Application), Array, Array, NULL)
#12 /Users/duycuong/Documents/Projects/duycuong/php/novel_cms/vendor/laravel/framework/src/Illuminate/Database/Seeder.php(184): Illuminate\\Container\\Container->call(Array, Array)
#13 /Users/duycuong/Documents/Projects/duycuong/php/novel_cms/vendor/laravel/framework/src/Illuminate/Database/Seeder.php(193): Illuminate\\Database\\Seeder->Illuminate\\Database\\{closure}()
#14 /Users/duycuong/Documents/Projects/duycuong/php/novel_cms/vendor/laravel/framework/src/Illuminate/Database/Console/Seeds/SeedCommand.php(70): Illuminate\\Database\\Seeder->__invoke()
#15 /Users/duycuong/Documents/Projects/duycuong/php/novel_cms/vendor/laravel/framework/src/Illuminate/Database/Eloquent/Concerns/GuardsAttributes.php(155): Illuminate\\Database\\Console\\Seeds\\SeedCommand->Illuminate\\Database\\Console\\Seeds\\{closure}()
#16 /Users/duycuong/Documents/Projects/duycuong/php/novel_cms/vendor/laravel/framework/src/Illuminate/Database/Console/Seeds/SeedCommand.php(71): Illuminate\\Database\\Eloquent\\Model::unguarded(Object(Closure))
#17 /Users/duycuong/Documents/Projects/duycuong/php/novel_cms/vendor/laravel/framework/src/Illuminate/Container/BoundMethod.php(36): Illuminate\\Database\\Console\\Seeds\\SeedCommand->handle()
#18 /Users/duycuong/Documents/Projects/duycuong/php/novel_cms/vendor/laravel/framework/src/Illuminate/Container/Util.php(41): Illuminate\\Container\\BoundMethod::Illuminate\\Container\\{closure}()
#19 /Users/duycuong/Documents/Projects/duycuong/php/novel_cms/vendor/laravel/framework/src/Illuminate/Container/BoundMethod.php(93): Illuminate\\Container\\Util::unwrapIfClosure(Object(Closure))
#20 /Users/duycuong/Documents/Projects/duycuong/php/novel_cms/vendor/laravel/framework/src/Illuminate/Container/BoundMethod.php(37): Illuminate\\Container\\BoundMethod::callBoundMethod(Object(Illuminate\\Foundation\\Application), Array, Object(Closure))
#21 /Users/duycuong/Documents/Projects/duycuong/php/novel_cms/vendor/laravel/framework/src/Illuminate/Container/Container.php(662): Illuminate\\Container\\BoundMethod::call(Object(Illuminate\\Foundation\\Application), Array, Array, NULL)
#22 /Users/duycuong/Documents/Projects/duycuong/php/novel_cms/vendor/laravel/framework/src/Illuminate/Console/Command.php(208): Illuminate\\Container\\Container->call(Array)
#23 /Users/duycuong/Documents/Projects/duycuong/php/novel_cms/vendor/symfony/console/Command/Command.php(326): Illuminate\\Console\\Command->execute(Object(Symfony\\Component\\Console\\Input\\ArgvInput), Object(Illuminate\\Console\\OutputStyle))
#24 /Users/duycuong/Documents/Projects/duycuong/php/novel_cms/vendor/laravel/framework/src/Illuminate/Console/Command.php(178): Symfony\\Component\\Console\\Command\\Command->run(Object(Symfony\\Component\\Console\\Input\\ArgvInput), Object(Illuminate\\Console\\OutputStyle))
#25 /Users/duycuong/Documents/Projects/duycuong/php/novel_cms/vendor/symfony/console/Application.php(1081): Illuminate\\Console\\Command->run(Object(Symfony\\Component\\Console\\Input\\ArgvInput), Object(Symfony\\Component\\Console\\Output\\ConsoleOutput))
#26 /Users/duycuong/Documents/Projects/duycuong/php/novel_cms/vendor/symfony/console/Application.php(320): Symfony\\Component\\Console\\Application->doRunCommand(Object(Illuminate\\Database\\Console\\Seeds\\SeedCommand), Object(Symfony\\Component\\Console\\Input\\ArgvInput), Object(Symfony\\Component\\Console\\Output\\ConsoleOutput))
#27 /Users/duycuong/Documents/Projects/duycuong/php/novel_cms/vendor/symfony/console/Application.php(174): Symfony\\Component\\Console\\Application->doRun(Object(Symfony\\Component\\Console\\Input\\ArgvInput), Object(Symfony\\Component\\Console\\Output\\ConsoleOutput))
#28 /Users/duycuong/Documents/Projects/duycuong/php/novel_cms/vendor/laravel/framework/src/Illuminate/Foundation/Console/Kernel.php(200): Symfony\\Component\\Console\\Application->run(Object(Symfony\\Component\\Console\\Input\\ArgvInput), Object(Symfony\\Component\\Console\\Output\\ConsoleOutput))
#29 /Users/duycuong/Documents/Projects/duycuong/php/novel_cms/artisan(37): Illuminate\\Foundation\\Console\\Kernel->handle(Object(Symfony\\Component\\Console\\Input\\ArgvInput), Object(Symfony\\Component\\Console\\Output\\ConsoleOutput))
#30 {main}
"} 
[2024-04-30 18:05:03] local.ERROR: Method UniSharp\LaravelFilemanager\Controllers\DeleteController::error does not exist. {"exception":"[object] (BadMethodCallException(code: 0): Method UniSharp\\LaravelFilemanager\\Controllers\\DeleteController::error does not exist. at /Users/duycuong/Documents/Projects/duycuong/php/novel_cms/vendor/laravel/framework/src/Illuminate/Routing/Controller.php:68)
[stacktrace]
#0 /Users/duycuong/Documents/Projects/duycuong/php/novel_cms/vendor/unisharp/laravel-filemanager/src/Controllers/DeleteController.php(54): Illuminate\\Routing\\Controller->__call('error', Array)
#1 /Users/duycuong/Documents/Projects/duycuong/php/novel_cms/vendor/laravel/framework/src/Illuminate/Routing/Controller.php(54): UniSharp\\LaravelFilemanager\\Controllers\\DeleteController->getDelete()
#2 /Users/duycuong/Documents/Projects/duycuong/php/novel_cms/vendor/laravel/framework/src/Illuminate/Routing/ControllerDispatcher.php(43): Illuminate\\Routing\\Controller->callAction('getDelete', Array)
#3 /Users/duycuong/Documents/Projects/duycuong/php/novel_cms/vendor/laravel/framework/src/Illuminate/Routing/Route.php(260): Illuminate\\Routing\\ControllerDispatcher->dispatch(Object(Illuminate\\Routing\\Route), Object(UniSharp\\LaravelFilemanager\\Controllers\\DeleteController), 'getDelete')
#4 /Users/duycuong/Documents/Projects/duycuong/php/novel_cms/vendor/laravel/framework/src/Illuminate/Routing/Route.php(205): Illuminate\\Routing\\Route->runController()
#5 /Users/duycuong/Documents/Projects/duycuong/php/novel_cms/vendor/laravel/framework/src/Illuminate/Routing/Router.php(799): Illuminate\\Routing\\Route->run()
#6 /Users/duycuong/Documents/Projects/duycuong/php/novel_cms/vendor/laravel/framework/src/Illuminate/Pipeline/Pipeline.php(141): Illuminate\\Routing\\Router->Illuminate\\Routing\\{closure}(Object(Illuminate\\Http\\Request))
#7 /Users/duycuong/Documents/Projects/duycuong/php/novel_cms/vendor/unisharp/laravel-filemanager/src/Middlewares/MultiUser.php(31): Illuminate\\Pipeline\\Pipeline->Illuminate\\Pipeline\\{closure}(Object(Illuminate\\Http\\Request))
#8 /Users/duycuong/Documents/Projects/duycuong/php/novel_cms/vendor/laravel/framework/src/Illuminate/Pipeline/Pipeline.php(180): UniSharp\\LaravelFilemanager\\Middlewares\\MultiUser->handle(Object(Illuminate\\Http\\Request), Object(Closure))
#9 /Users/duycuong/Documents/Projects/duycuong/php/novel_cms/vendor/unisharp/laravel-filemanager/src/Middlewares/CreateDefaultFolder.php(25): Illuminate\\Pipeline\\Pipeline->Illuminate\\Pipeline\\{closure}(Object(Illuminate\\Http\\Request))
#10 /Users/duycuong/Documents/Projects/duycuong/php/novel_cms/vendor/laravel/framework/src/Illuminate/Pipeline/Pipeline.php(180): UniSharp\\LaravelFilemanager\\Middlewares\\CreateDefaultFolder->handle(Object(Illuminate\\Http\\Request), Object(Closure))
#11 /Users/duycuong/Documents/Projects/duycuong/php/novel_cms/Modules/Admins/Http/Middleware/AdminMiddleware.php(24): Illuminate\\Pipeline\\Pipeline->Illuminate\\Pipeline\\{closure}(Object(Illuminate\\Http\\Request))
#12 /Users/duycuong/Documents/Projects/duycuong/php/novel_cms/vendor/laravel/framework/src/Illuminate/Pipeline/Pipeline.php(180): Modules\\Admins\\Http\\Middleware\\AdminMiddleware->handle(Object(Illuminate\\Http\\Request), Object(Closure))
#13 /Users/duycuong/Documents/Projects/duycuong/php/novel_cms/vendor/laravel/framework/src/Illuminate/Routing/Middleware/SubstituteBindings.php(50): Illuminate\\Pipeline\\Pipeline->Illuminate\\Pipeline\\{closure}(Object(Illuminate\\Http\\Request))
#14 /Users/duycuong/Documents/Projects/duycuong/php/novel_cms/vendor/laravel/framework/src/Illuminate/Pipeline/Pipeline.php(180): Illuminate\\Routing\\Middleware\\SubstituteBindings->handle(Object(Illuminate\\Http\\Request), Object(Closure))
#15 /Users/duycuong/Documents/Projects/duycuong/php/novel_cms/vendor/laravel/framework/src/Illuminate/Foundation/Http/Middleware/VerifyCsrfToken.php(78): Illuminate\\Pipeline\\Pipeline->Illuminate\\Pipeline\\{closure}(Object(Illuminate\\Http\\Request))
#16 /Users/duycuong/Documents/Projects/duycuong/php/novel_cms/vendor/laravel/framework/src/Illuminate/Pipeline/Pipeline.php(180): Illuminate\\Foundation\\Http\\Middleware\\VerifyCsrfToken->handle(Object(Illuminate\\Http\\Request), Object(Closure))
#17 /Users/duycuong/Documents/Projects/duycuong/php/novel_cms/vendor/laravel/framework/src/Illuminate/View/Middleware/ShareErrorsFromSession.php(49): Illuminate\\Pipeline\\Pipeline->Illuminate\\Pipeline\\{closure}(Object(Illuminate\\Http\\Request))
#18 /Users/duycuong/Documents/Projects/duycuong/php/novel_cms/vendor/laravel/framework/src/Illuminate/Pipeline/Pipeline.php(180): Illuminate\\View\\Middleware\\ShareErrorsFromSession->handle(Object(Illuminate\\Http\\Request), Object(Closure))
#19 /Users/duycuong/Documents/Projects/duycuong/php/novel_cms/vendor/laravel/framework/src/Illuminate/Session/Middleware/StartSession.php(121): Illuminate\\Pipeline\\Pipeline->Illuminate\\Pipeline\\{closure}(Object(Illuminate\\Http\\Request))
#20 /Users/duycuong/Documents/Projects/duycuong/php/novel_cms/vendor/laravel/framework/src/Illuminate/Session/Middleware/StartSession.php(64): Illuminate\\Session\\Middleware\\StartSession->handleStatefulRequest(Object(Illuminate\\Http\\Request), Object(Illuminate\\Session\\Store), Object(Closure))
#21 /Users/duycuong/Documents/Projects/duycuong/php/novel_cms/vendor/laravel/framework/src/Illuminate/Pipeline/Pipeline.php(180): Illuminate\\Session\\Middleware\\StartSession->handle(Object(Illuminate\\Http\\Request), Object(Closure))
#22 /Users/duycuong/Documents/Projects/duycuong/php/novel_cms/vendor/laravel/framework/src/Illuminate/Cookie/Middleware/AddQueuedCookiesToResponse.php(37): Illuminate\\Pipeline\\Pipeline->Illuminate\\Pipeline\\{closure}(Object(Illuminate\\Http\\Request))
#23 /Users/duycuong/Documents/Projects/duycuong/php/novel_cms/vendor/laravel/framework/src/Illuminate/Pipeline/Pipeline.php(180): Illuminate\\Cookie\\Middleware\\AddQueuedCookiesToResponse->handle(Object(Illuminate\\Http\\Request), Object(Closure))
#24 /Users/duycuong/Documents/Projects/duycuong/php/novel_cms/vendor/laravel/framework/src/Illuminate/Cookie/Middleware/EncryptCookies.php(67): Illuminate\\Pipeline\\Pipeline->Illuminate\\Pipeline\\{closure}(Object(Illuminate\\Http\\Request))
#25 /Users/duycuong/Documents/Projects/duycuong/php/novel_cms/vendor/laravel/framework/src/Illuminate/Pipeline/Pipeline.php(180): Illuminate\\Cookie\\Middleware\\EncryptCookies->handle(Object(Illuminate\\Http\\Request), Object(Closure))
#26 /Users/duycuong/Documents/Projects/duycuong/php/novel_cms/vendor/laravel/framework/src/Illuminate/Pipeline/Pipeline.php(116): Illuminate\\Pipeline\\Pipeline->Illuminate\\Pipeline\\{closure}(Object(Illuminate\\Http\\Request))
#27 /Users/duycuong/Documents/Projects/duycuong/php/novel_cms/vendor/laravel/framework/src/Illuminate/Routing/Router.php(800): Illuminate\\Pipeline\\Pipeline->then(Object(Closure))
#28 /Users/duycuong/Documents/Projects/duycuong/php/novel_cms/vendor/laravel/framework/src/Illuminate/Routing/Router.php(777): Illuminate\\Routing\\Router->runRouteWithinStack(Object(Illuminate\\Routing\\Route), Object(Illuminate\\Http\\Request))
#29 /Users/duycuong/Documents/Projects/duycuong/php/novel_cms/vendor/laravel/framework/src/Illuminate/Routing/Router.php(741): Illuminate\\Routing\\Router->runRoute(Object(Illuminate\\Http\\Request), Object(Illuminate\\Routing\\Route))
#30 /Users/duycuong/Documents/Projects/duycuong/php/novel_cms/vendor/laravel/framework/src/Illuminate/Routing/Router.php(730): Illuminate\\Routing\\Router->dispatchToRoute(Object(Illuminate\\Http\\Request))
#31 /Users/duycuong/Documents/Projects/duycuong/php/novel_cms/vendor/laravel/framework/src/Illuminate/Foundation/Http/Kernel.php(200): Illuminate\\Routing\\Router->dispatch(Object(Illuminate\\Http\\Request))
#32 /Users/duycuong/Documents/Projects/duycuong/php/novel_cms/vendor/laravel/framework/src/Illuminate/Pipeline/Pipeline.php(141): Illuminate\\Foundation\\Http\\Kernel->Illuminate\\Foundation\\Http\\{closure}(Object(Illuminate\\Http\\Request))
#33 /Users/duycuong/Documents/Projects/duycuong/php/novel_cms/vendor/proengsoft/laravel-jsvalidation/src/RemoteValidationMiddleware.php(61): Illuminate\\Pipeline\\Pipeline->Illuminate\\Pipeline\\{closure}(Object(Illuminate\\Http\\Request))
#34 /Users/duycuong/Documents/Projects/duycuong/php/novel_cms/vendor/laravel/framework/src/Illuminate/Pipeline/Pipeline.php(180): Proengsoft\\JsValidation\\RemoteValidationMiddleware->handle(Object(Illuminate\\Http\\Request), Object(Closure))
#35 /Users/duycuong/Documents/Projects/duycuong/php/novel_cms/vendor/laravel/framework/src/Illuminate/Foundation/Http/Middleware/TransformsRequest.php(21): Illuminate\\Pipeline\\Pipeline->Illuminate\\Pipeline\\{closure}(Object(Illuminate\\Http\\Request))
#36 /Users/duycuong/Documents/Projects/duycuong/php/novel_cms/vendor/laravel/framework/src/Illuminate/Foundation/Http/Middleware/ConvertEmptyStringsToNull.php(31): Illuminate\\Foundation\\Http\\Middleware\\TransformsRequest->handle(Object(Illuminate\\Http\\Request), Object(Closure))
#37 /Users/duycuong/Documents/Projects/duycuong/php/novel_cms/vendor/laravel/framework/src/Illuminate/Pipeline/Pipeline.php(180): Illuminate\\Foundation\\Http\\Middleware\\ConvertEmptyStringsToNull->handle(Object(Illuminate\\Http\\Request), Object(Closure))
#38 /Users/duycuong/Documents/Projects/duycuong/php/novel_cms/vendor/laravel/framework/src/Illuminate/Foundation/Http/Middleware/TransformsRequest.php(21): Illuminate\\Pipeline\\Pipeline->Illuminate\\Pipeline\\{closure}(Object(Illuminate\\Http\\Request))
#39 /Users/duycuong/Documents/Projects/duycuong/php/novel_cms/vendor/laravel/framework/src/Illuminate/Foundation/Http/Middleware/TrimStrings.php(40): Illuminate\\Foundation\\Http\\Middleware\\TransformsRequest->handle(Object(Illuminate\\Http\\Request), Object(Closure))
#40 /Users/duycuong/Documents/Projects/duycuong/php/novel_cms/vendor/laravel/framework/src/Illuminate/Pipeline/Pipeline.php(180): Illuminate\\Foundation\\Http\\Middleware\\TrimStrings->handle(Object(Illuminate\\Http\\Request), Object(Closure))
#41 /Users/duycuong/Documents/Projects/duycuong/php/novel_cms/vendor/laravel/framework/src/Illuminate/Foundation/Http/Middleware/ValidatePostSize.php(27): Illuminate\\Pipeline\\Pipeline->Illuminate\\Pipeline\\{closure}(Object(Illuminate\\Http\\Request))
#42 /Users/duycuong/Documents/Projects/duycuong/php/novel_cms/vendor/laravel/framework/src/Illuminate/Pipeline/Pipeline.php(180): Illuminate\\Foundation\\Http\\Middleware\\ValidatePostSize->handle(Object(Illuminate\\Http\\Request), Object(Closure))
#43 /Users/duycuong/Documents/Projects/duycuong/php/novel_cms/vendor/laravel/framework/src/Illuminate/Foundation/Http/Middleware/PreventRequestsDuringMaintenance.php(86): Illuminate\\Pipeline\\Pipeline->Illuminate\\Pipeline\\{closure}(Object(Illuminate\\Http\\Request))
#44 /Users/duycuong/Documents/Projects/duycuong/php/novel_cms/vendor/laravel/framework/src/Illuminate/Pipeline/Pipeline.php(180): Illuminate\\Foundation\\Http\\Middleware\\PreventRequestsDuringMaintenance->handle(Object(Illuminate\\Http\\Request), Object(Closure))
#45 /Users/duycuong/Documents/Projects/duycuong/php/novel_cms/vendor/laravel/framework/src/Illuminate/Http/Middleware/HandleCors.php(49): Illuminate\\Pipeline\\Pipeline->Illuminate\\Pipeline\\{closure}(Object(Illuminate\\Http\\Request))
#46 /Users/duycuong/Documents/Projects/duycuong/php/novel_cms/vendor/laravel/framework/src/Illuminate/Pipeline/Pipeline.php(180): Illuminate\\Http\\Middleware\\HandleCors->handle(Object(Illuminate\\Http\\Request), Object(Closure))
#47 /Users/duycuong/Documents/Projects/duycuong/php/novel_cms/vendor/laravel/framework/src/Illuminate/Http/Middleware/TrustProxies.php(39): Illuminate\\Pipeline\\Pipeline->Illuminate\\Pipeline\\{closure}(Object(Illuminate\\Http\\Request))
#48 /Users/duycuong/Documents/Projects/duycuong/php/novel_cms/vendor/laravel/framework/src/Illuminate/Pipeline/Pipeline.php(180): Illuminate\\Http\\Middleware\\TrustProxies->handle(Object(Illuminate\\Http\\Request), Object(Closure))
#49 /Users/duycuong/Documents/Projects/duycuong/php/novel_cms/vendor/laravel/framework/src/Illuminate/Pipeline/Pipeline.php(116): Illuminate\\Pipeline\\Pipeline->Illuminate\\Pipeline\\{closure}(Object(Illuminate\\Http\\Request))
#50 /Users/duycuong/Documents/Projects/duycuong/php/novel_cms/vendor/laravel/framework/src/Illuminate/Foundation/Http/Kernel.php(175): Illuminate\\Pipeline\\Pipeline->then(Object(Closure))
#51 /Users/duycuong/Documents/Projects/duycuong/php/novel_cms/vendor/laravel/framework/src/Illuminate/Foundation/Http/Kernel.php(144): Illuminate\\Foundation\\Http\\Kernel->sendRequestThroughRouter(Object(Illuminate\\Http\\Request))
#52 /Users/duycuong/Documents/Projects/duycuong/php/novel_cms/public/index.php(52): Illuminate\\Foundation\\Http\\Kernel->handle(Object(Illuminate\\Http\\Request))
#53 {main}
"} 
[2024-05-16 18:03:20] local.ERROR: Method Modules\Pages\Http\Controllers\CategoriesController::categories does not exist. {"exception":"[object] (BadMethodCallException(code: 0): Method Modules\\Pages\\Http\\Controllers\\CategoriesController::categories does not exist. at /Users/duycuong/Documents/Projects/duycuong/php/novel_cms/vendor/laravel/framework/src/Illuminate/Routing/Controller.php:68)
[stacktrace]
#0 /Users/duycuong/Documents/Projects/duycuong/php/novel_cms/vendor/laravel/framework/src/Illuminate/Routing/Controller.php(54): Illuminate\\Routing\\Controller->__call('categories', Array)
#1 /Users/duycuong/Documents/Projects/duycuong/php/novel_cms/vendor/laravel/framework/src/Illuminate/Routing/ControllerDispatcher.php(43): Illuminate\\Routing\\Controller->callAction('categories', Array)
#2 /Users/duycuong/Documents/Projects/duycuong/php/novel_cms/vendor/laravel/framework/src/Illuminate/Routing/Route.php(260): Illuminate\\Routing\\ControllerDispatcher->dispatch(Object(Illuminate\\Routing\\Route), Object(Modules\\Pages\\Http\\Controllers\\CategoriesController), 'categories')
#3 /Users/duycuong/Documents/Projects/duycuong/php/novel_cms/vendor/laravel/framework/src/Illuminate/Routing/Route.php(205): Illuminate\\Routing\\Route->runController()
#4 /Users/duycuong/Documents/Projects/duycuong/php/novel_cms/vendor/laravel/framework/src/Illuminate/Routing/Router.php(799): Illuminate\\Routing\\Route->run()
#5 /Users/duycuong/Documents/Projects/duycuong/php/novel_cms/vendor/laravel/framework/src/Illuminate/Pipeline/Pipeline.php(141): Illuminate\\Routing\\Router->Illuminate\\Routing\\{closure}(Object(Illuminate\\Http\\Request))
#6 /Users/duycuong/Documents/Projects/duycuong/php/novel_cms/vendor/laravel/framework/src/Illuminate/Routing/Middleware/SubstituteBindings.php(50): Illuminate\\Pipeline\\Pipeline->Illuminate\\Pipeline\\{closure}(Object(Illuminate\\Http\\Request))
#7 /Users/duycuong/Documents/Projects/duycuong/php/novel_cms/vendor/laravel/framework/src/Illuminate/Pipeline/Pipeline.php(180): Illuminate\\Routing\\Middleware\\SubstituteBindings->handle(Object(Illuminate\\Http\\Request), Object(Closure))
#8 /Users/duycuong/Documents/Projects/duycuong/php/novel_cms/vendor/laravel/framework/src/Illuminate/Foundation/Http/Middleware/VerifyCsrfToken.php(78): Illuminate\\Pipeline\\Pipeline->Illuminate\\Pipeline\\{closure}(Object(Illuminate\\Http\\Request))
#9 /Users/duycuong/Documents/Projects/duycuong/php/novel_cms/vendor/laravel/framework/src/Illuminate/Pipeline/Pipeline.php(180): Illuminate\\Foundation\\Http\\Middleware\\VerifyCsrfToken->handle(Object(Illuminate\\Http\\Request), Object(Closure))
#10 /Users/duycuong/Documents/Projects/duycuong/php/novel_cms/vendor/laravel/framework/src/Illuminate/View/Middleware/ShareErrorsFromSession.php(49): Illuminate\\Pipeline\\Pipeline->Illuminate\\Pipeline\\{closure}(Object(Illuminate\\Http\\Request))
#11 /Users/duycuong/Documents/Projects/duycuong/php/novel_cms/vendor/laravel/framework/src/Illuminate/Pipeline/Pipeline.php(180): Illuminate\\View\\Middleware\\ShareErrorsFromSession->handle(Object(Illuminate\\Http\\Request), Object(Closure))
#12 /Users/duycuong/Documents/Projects/duycuong/php/novel_cms/vendor/laravel/framework/src/Illuminate/Session/Middleware/StartSession.php(121): Illuminate\\Pipeline\\Pipeline->Illuminate\\Pipeline\\{closure}(Object(Illuminate\\Http\\Request))
#13 /Users/duycuong/Documents/Projects/duycuong/php/novel_cms/vendor/laravel/framework/src/Illuminate/Session/Middleware/StartSession.php(64): Illuminate\\Session\\Middleware\\StartSession->handleStatefulRequest(Object(Illuminate\\Http\\Request), Object(Illuminate\\Session\\Store), Object(Closure))
#14 /Users/duycuong/Documents/Projects/duycuong/php/novel_cms/vendor/laravel/framework/src/Illuminate/Pipeline/Pipeline.php(180): Illuminate\\Session\\Middleware\\StartSession->handle(Object(Illuminate\\Http\\Request), Object(Closure))
#15 /Users/duycuong/Documents/Projects/duycuong/php/novel_cms/vendor/laravel/framework/src/Illuminate/Cookie/Middleware/AddQueuedCookiesToResponse.php(37): Illuminate\\Pipeline\\Pipeline->Illuminate\\Pipeline\\{closure}(Object(Illuminate\\Http\\Request))
#16 /Users/duycuong/Documents/Projects/duycuong/php/novel_cms/vendor/laravel/framework/src/Illuminate/Pipeline/Pipeline.php(180): Illuminate\\Cookie\\Middleware\\AddQueuedCookiesToResponse->handle(Object(Illuminate\\Http\\Request), Object(Closure))
#17 /Users/duycuong/Documents/Projects/duycuong/php/novel_cms/vendor/laravel/framework/src/Illuminate/Cookie/Middleware/EncryptCookies.php(67): Illuminate\\Pipeline\\Pipeline->Illuminate\\Pipeline\\{closure}(Object(Illuminate\\Http\\Request))
#18 /Users/duycuong/Documents/Projects/duycuong/php/novel_cms/vendor/laravel/framework/src/Illuminate/Pipeline/Pipeline.php(180): Illuminate\\Cookie\\Middleware\\EncryptCookies->handle(Object(Illuminate\\Http\\Request), Object(Closure))
#19 /Users/duycuong/Documents/Projects/duycuong/php/novel_cms/vendor/laravel/framework/src/Illuminate/Pipeline/Pipeline.php(116): Illuminate\\Pipeline\\Pipeline->Illuminate\\Pipeline\\{closure}(Object(Illuminate\\Http\\Request))
#20 /Users/duycuong/Documents/Projects/duycuong/php/novel_cms/vendor/laravel/framework/src/Illuminate/Routing/Router.php(800): Illuminate\\Pipeline\\Pipeline->then(Object(Closure))
#21 /Users/duycuong/Documents/Projects/duycuong/php/novel_cms/vendor/laravel/framework/src/Illuminate/Routing/Router.php(777): Illuminate\\Routing\\Router->runRouteWithinStack(Object(Illuminate\\Routing\\Route), Object(Illuminate\\Http\\Request))
#22 /Users/duycuong/Documents/Projects/duycuong/php/novel_cms/vendor/laravel/framework/src/Illuminate/Routing/Router.php(741): Illuminate\\Routing\\Router->runRoute(Object(Illuminate\\Http\\Request), Object(Illuminate\\Routing\\Route))
#23 /Users/duycuong/Documents/Projects/duycuong/php/novel_cms/vendor/laravel/framework/src/Illuminate/Routing/Router.php(730): Illuminate\\Routing\\Router->dispatchToRoute(Object(Illuminate\\Http\\Request))
#24 /Users/duycuong/Documents/Projects/duycuong/php/novel_cms/vendor/laravel/framework/src/Illuminate/Foundation/Http/Kernel.php(200): Illuminate\\Routing\\Router->dispatch(Object(Illuminate\\Http\\Request))
#25 /Users/duycuong/Documents/Projects/duycuong/php/novel_cms/vendor/laravel/framework/src/Illuminate/Pipeline/Pipeline.php(141): Illuminate\\Foundation\\Http\\Kernel->Illuminate\\Foundation\\Http\\{closure}(Object(Illuminate\\Http\\Request))
#26 /Users/duycuong/Documents/Projects/duycuong/php/novel_cms/vendor/proengsoft/laravel-jsvalidation/src/RemoteValidationMiddleware.php(61): Illuminate\\Pipeline\\Pipeline->Illuminate\\Pipeline\\{closure}(Object(Illuminate\\Http\\Request))
#27 /Users/duycuong/Documents/Projects/duycuong/php/novel_cms/vendor/laravel/framework/src/Illuminate/Pipeline/Pipeline.php(180): Proengsoft\\JsValidation\\RemoteValidationMiddleware->handle(Object(Illuminate\\Http\\Request), Object(Closure))
#28 /Users/duycuong/Documents/Projects/duycuong/php/novel_cms/vendor/laravel/framework/src/Illuminate/Foundation/Http/Middleware/TransformsRequest.php(21): Illuminate\\Pipeline\\Pipeline->Illuminate\\Pipeline\\{closure}(Object(Illuminate\\Http\\Request))
#29 /Users/duycuong/Documents/Projects/duycuong/php/novel_cms/vendor/laravel/framework/src/Illuminate/Foundation/Http/Middleware/ConvertEmptyStringsToNull.php(31): Illuminate\\Foundation\\Http\\Middleware\\TransformsRequest->handle(Object(Illuminate\\Http\\Request), Object(Closure))
#30 /Users/duycuong/Documents/Projects/duycuong/php/novel_cms/vendor/laravel/framework/src/Illuminate/Pipeline/Pipeline.php(180): Illuminate\\Foundation\\Http\\Middleware\\ConvertEmptyStringsToNull->handle(Object(Illuminate\\Http\\Request), Object(Closure))
#31 /Users/duycuong/Documents/Projects/duycuong/php/novel_cms/vendor/laravel/framework/src/Illuminate/Foundation/Http/Middleware/TransformsRequest.php(21): Illuminate\\Pipeline\\Pipeline->Illuminate\\Pipeline\\{closure}(Object(Illuminate\\Http\\Request))
#32 /Users/duycuong/Documents/Projects/duycuong/php/novel_cms/vendor/laravel/framework/src/Illuminate/Foundation/Http/Middleware/TrimStrings.php(40): Illuminate\\Foundation\\Http\\Middleware\\TransformsRequest->handle(Object(Illuminate\\Http\\Request), Object(Closure))
#33 /Users/duycuong/Documents/Projects/duycuong/php/novel_cms/vendor/laravel/framework/src/Illuminate/Pipeline/Pipeline.php(180): Illuminate\\Foundation\\Http\\Middleware\\TrimStrings->handle(Object(Illuminate\\Http\\Request), Object(Closure))
#34 /Users/duycuong/Documents/Projects/duycuong/php/novel_cms/vendor/laravel/framework/src/Illuminate/Foundation/Http/Middleware/ValidatePostSize.php(27): Illuminate\\Pipeline\\Pipeline->Illuminate\\Pipeline\\{closure}(Object(Illuminate\\Http\\Request))
#35 /Users/duycuong/Documents/Projects/duycuong/php/novel_cms/vendor/laravel/framework/src/Illuminate/Pipeline/Pipeline.php(180): Illuminate\\Foundation\\Http\\Middleware\\ValidatePostSize->handle(Object(Illuminate\\Http\\Request), Object(Closure))
#36 /Users/duycuong/Documents/Projects/duycuong/php/novel_cms/vendor/laravel/framework/src/Illuminate/Foundation/Http/Middleware/PreventRequestsDuringMaintenance.php(86): Illuminate\\Pipeline\\Pipeline->Illuminate\\Pipeline\\{closure}(Object(Illuminate\\Http\\Request))
#37 /Users/duycuong/Documents/Projects/duycuong/php/novel_cms/vendor/laravel/framework/src/Illuminate/Pipeline/Pipeline.php(180): Illuminate\\Foundation\\Http\\Middleware\\PreventRequestsDuringMaintenance->handle(Object(Illuminate\\Http\\Request), Object(Closure))
#38 /Users/duycuong/Documents/Projects/duycuong/php/novel_cms/vendor/laravel/framework/src/Illuminate/Http/Middleware/HandleCors.php(49): Illuminate\\Pipeline\\Pipeline->Illuminate\\Pipeline\\{closure}(Object(Illuminate\\Http\\Request))
#39 /Users/duycuong/Documents/Projects/duycuong/php/novel_cms/vendor/laravel/framework/src/Illuminate/Pipeline/Pipeline.php(180): Illuminate\\Http\\Middleware\\HandleCors->handle(Object(Illuminate\\Http\\Request), Object(Closure))
#40 /Users/duycuong/Documents/Projects/duycuong/php/novel_cms/vendor/laravel/framework/src/Illuminate/Http/Middleware/TrustProxies.php(39): Illuminate\\Pipeline\\Pipeline->Illuminate\\Pipeline\\{closure}(Object(Illuminate\\Http\\Request))
#41 /Users/duycuong/Documents/Projects/duycuong/php/novel_cms/vendor/laravel/framework/src/Illuminate/Pipeline/Pipeline.php(180): Illuminate\\Http\\Middleware\\TrustProxies->handle(Object(Illuminate\\Http\\Request), Object(Closure))
#42 /Users/duycuong/Documents/Projects/duycuong/php/novel_cms/vendor/laravel/framework/src/Illuminate/Pipeline/Pipeline.php(116): Illuminate\\Pipeline\\Pipeline->Illuminate\\Pipeline\\{closure}(Object(Illuminate\\Http\\Request))
#43 /Users/duycuong/Documents/Projects/duycuong/php/novel_cms/vendor/laravel/framework/src/Illuminate/Foundation/Http/Kernel.php(175): Illuminate\\Pipeline\\Pipeline->then(Object(Closure))
#44 /Users/duycuong/Documents/Projects/duycuong/php/novel_cms/vendor/laravel/framework/src/Illuminate/Foundation/Http/Kernel.php(144): Illuminate\\Foundation\\Http\\Kernel->sendRequestThroughRouter(Object(Illuminate\\Http\\Request))
#45 /Users/duycuong/Documents/Projects/duycuong/php/novel_cms/public/index.php(52): Illuminate\\Foundation\\Http\\Kernel->handle(Object(Illuminate\\Http\\Request))
#46 {main}
"} 
